20250703-180010: DBG: 5267 -  raspiBackupInstallUI.sh 0.4.8.3, 2025-03-26/21:27:23 - ec5bd0f
20250703-180010: DBG: 5270 -  +================================================================================================================================================+
20250703-180010: DBG: 5271 -  | ===> A lot of sensitive information is masqueraded in this log file. Nevertheless please check the log carefully before you distribute it <=== |
20250703-180010: DBG: 5272 -  +================================================================================================================================================+
20250703-180010: DBG: 5274 -  whiptail version: whiptail (newt): 0.52.24
20250703-180010: DBG: 5275 -  SYSTEMD_DETECTED: 1
20250703-180010: DBG: 1627 -  Checking for /usr/local/bin
20250703-180010: DBG: 1627 -  Checking for /usr/local/etc
20250703-180010: DBG: 1627 -  Checking for /etc/cron.d
20250703-180010: DBG: 4994 -  -> uiInstall 
20250703-180010: DBG: 2300 -     -> parseConfig 
20250703-180010: DBG: 2314 -        CONFIG_BACKUPPATH=/backup
20250703-180010: DBG: 2314 -        CONFIG_BACKUPTYPE=rsync
20250703-180010: DBG: 2314 -        CONFIG_ZIP_BACKUP=0
20250703-180010: DBG: 2314 -        CONFIG_KEEPBACKUPS=3
20250703-180010: DBG: 2314 -        CONFIG_SMART_RECYCLE=0
20250703-180010: DBG: 2314 -        CONFIG_SMART_RECYCLE_DRYRUN=1
20250703-180010: DBG: 2314 -        CONFIG_SMART_RECYCLE_OPTIONS=7 4 12 1
20250703-180010: DBG: 2314 -        CONFIG_STOPSERVICES=cron cups cups-browsed
20250703-180010: DBG: 2314 -        CONFIG_STARTSERVICES=cups-browsed cups cron
20250703-180010: DBG: 2314 -        CONFIG_EMAIL=p@@@@e(14)
20250703-180010: DBG: 2314 -        CONFIG_MAIL_PROGRAM=mail
20250703-180010: DBG: 2314 -        CONFIG_MSG_LEVEL=0
20250703-180010: DBG: 2314 -        CONFIG_LANGUAGE=EN
20250703-180010: DBG: 2314 -        CONFIG_PARTITIONBASED_BACKUP=0
20250703-180010: DBG: 2314 -        CONFIG_PARTITIONS_TO_BACKUP=1 2
20250703-180010: DBG: 2321 -     <- parseConfig 
20250703-180010: DBG: 1741 -     -> isInternetAvailable 
20250703-180011: DBG: 1745 -     <- isInternetAvailable 0
20250703-180011: DBG: 4797 -     -> downloadPropertiesFile_do 
20250703-180011: DBG: 4829 -        -> shouldRenewDownloadPropertiesFile 
20250703-180011: DBG: 4843 -           20250703 : 00000000
20250703-180011: DBG: 4852 -        <- shouldRenewDownloadPropertiesFile 0
20250703-180011: DBG: 3949 -        -> progressbar_do 
20250703-180011: DBG: 4808 -           -> downloadPropertiesFile_execute 
MSG: Downloading version information.
20250703-180011: DBG: 1992 -              -> downloadFile URL: https://www.linux-tips-and-tricks.de/raspiBackup/raspiBackup.properties, file: /tmp/raspiBackupInstallUI.properties
20250703-180011: DBG: 1998 -                 httpCode: 200 RC: 0
20250703-180011: DBG: 2011 -              <- downloadFile 0
20250703-180011: DBG: 4823 -           <- downloadPropertiesFile_execute 1
20250703-180013: DBG: 3995 -        <- progressbar_do 
20250703-180013: DBG: 4802 -     <- downloadPropertiesFile_do 
20250703-180013: DBG: 4764 -     -> parsePropertiesFile 
20250703-180013: DBG: 4772 -        Script properties: v: 0.7.1 i:  b: 
20250703-180013: DBG: 4780 -        Installer properties: v: 0.4.8.3 i:  b: 
20250703-180013: DBG: 4782 -     <- parsePropertiesFile 
20250703-180013: DBG: 4787 -     -> parseCurrentVersions 
20250703-180013: DBG: 4790 -        Current script version: 0.7.0.1
20250703-180013: DBG: 4791 -        Current installer version: 0.4.8.3
20250703-180013: DBG: 4792 -     <- parseCurrentVersions 
20250703-180013: DBG: 4047 -     -> isUpdatePossible 
20250703-180013: DBG: 4048 -        script: c:0.7.0.1 p:0.7.1
20250703-180013: DBG: 4705 -        -> isNewerVersion 0.7.0.1 0.7.1
20250703-180013: DBG: 4749 -        <- isNewerVersion isNewVersion 0.7.0.1 <-> 0.7.1 - RC: 0
20250703-180013: DBG: 4050 -     <- isUpdatePossible 0
20250703-180017: DBG: 5062 -     M3
20250703-180017: DBG: 2894 -     -> config_menu 
20250703-180017: DBG: 2300 -        -> parseConfig 
20250703-180017: DBG: 2314 -           CONFIG_BACKUPPATH=/backup
20250703-180017: DBG: 2314 -           CONFIG_BACKUPTYPE=rsync
20250703-180017: DBG: 2314 -           CONFIG_ZIP_BACKUP=0
20250703-180017: DBG: 2314 -           CONFIG_KEEPBACKUPS=3
20250703-180017: DBG: 2314 -           CONFIG_SMART_RECYCLE=0
20250703-180017: DBG: 2314 -           CONFIG_SMART_RECYCLE_DRYRUN=1
20250703-180017: DBG: 2314 -           CONFIG_SMART_RECYCLE_OPTIONS=7 4 12 1
20250703-180017: DBG: 2314 -           CONFIG_STOPSERVICES=cron cups cups-browsed
20250703-180017: DBG: 2314 -           CONFIG_STARTSERVICES=cups-browsed cups cron
20250703-180017: DBG: 2314 -           CONFIG_EMAIL=p@@@@e(14)
20250703-180017: DBG: 2314 -           CONFIG_MAIL_PROGRAM=mail
20250703-180017: DBG: 2314 -           CONFIG_MSG_LEVEL=0
20250703-180017: DBG: 2314 -           CONFIG_LANGUAGE=EN
20250703-180017: DBG: 2314 -           CONFIG_PARTITIONBASED_BACKUP=0
20250703-180017: DBG: 2314 -           CONFIG_PARTITIONS_TO_BACKUP=1 2
20250703-180017: DBG: 2321 -        <- parseConfig 
20250703-180017: DBG: 1817 -        -> isCrontabConfigInstalled 
20250703-180017: DBG: 1821 -        <- isCrontabConfigInstalled 1
20250703-180017: DBG: 1826 -        -> isSystemdConfigInstalled 
20250703-180017: DBG: 1830 -        <- isSystemdConfigInstalled 0
20250703-180017: DBG: 2928 -        parsed *-*-* 05:01:42
20250703-180017: DBG: 2941 -        day: 
20250703-180017: DBG: 2942 -        time: 05:01:42
20250703-180017: DBG: 4892 -        -> daynum_from_config_string 
20250703-180017: DBG: 4905 -        <- daynum_from_config_string 0
20250703-180017: DBG: 2947 -        parsed hour: 05
20250703-180017: DBG: 2948 -        parsed minute: 01
20250703-180017: DBG: 2949 -        parsed day: 0
20250703-180019: DBG: 3041 -        C2
20250703-180019: DBG: 3228 -        -> config_backuppath_do 
20250703-180021: DBG: 3265 -        <- config_backuppath_do 0 -/backup
20250703-180025: DBG: 3038 -     <- config_menu 
20250703-180025: DBG: 4047 -     -> isUpdatePossible 
20250703-180025: DBG: 4048 -        script: c:0.7.0.1 p:0.7.1
20250703-180025: DBG: 4705 -        -> isNewerVersion 0.7.0.1 0.7.1
20250703-180025: DBG: 4749 -        <- isNewerVersion isNewVersion 0.7.0.1 <-> 0.7.1 - RC: 0
20250703-180025: DBG: 4050 -     <- isUpdatePossible 0
20250703-180026: DBG: 2800 -     -> do_finish 
20250703-180028: DBG: 2828 -     <- do_finish 
20250703-180028: DBG: 2850 -     -> cleanup 
20250703-180028: DBG: 2858 -        Signal: EXIT
20250703-180028: DBG: 2859 -        rc: 0
20250703-180028: DBG: 4967 -        Masquerading eMail
20250703-180028: DBG: 4974 -        Masquerading home directory name
20250703-180028: DBG: 4979 -        Masquerading hostname
